# JRE version: Java(TM) SE Runtime Environment (17.0.12+8) (build 17.0.12+8-LTS-286)
# Java VM: Java HotSpot(TM) 64-Bit Server VM (17.0.12+8-LTS-286, mixed mode, sharing, tiered, compressed oops, compressed class ptrs, g1 gc, windows-amd64)
GC Precious Log:
 CPUs: 12 total, 12 available
 Memory: 16024M
 Large Page Support: Disabled
 NUMA Support: Disabled
 Compressed Oops: Enabled (Zero based)
 Heap Region Size: 4M
 Heap Min Capacity: 8M
 Heap Initial Capacity: 252M
 Heap Max Capacity: 8G
 Pre-touch: Disabled
 Parallel Workers: 10
 Concurrent Workers: 3
 Concurrent Refinement Workers: 10
 Periodic GC: Disabled
Heap:
 garbage-first heap   total 819200K, used 585664K [0x0000000600000000, 0x0000000800000000)
  region size 4096K, 87 young (356352K), 6 survivors (24576K)
 Metaspace       used 119236K, committed 120896K, reserved 1179648K
  class space    used 16511K, committed 17280K, reserved 1048576K
GC Heap History (20 events):
Event: 25.551 GC heap before
{Heap before GC invocations=57 (full 0):
 garbage-first heap   total 348160K, used 275139K [0x0000000600000000, 0x0000000800000000)
  region size 4096K, 23 young (94208K), 3 survivors (12288K)
 Metaspace       used 115340K, committed 116608K, reserved 1179648K
  class space    used 16167K, committed 16768K, reserved 1048576K
}
Event: 25.557 GC heap after
{Heap after GC invocations=58 (full 0):
 garbage-first heap   total 348160K, used 199305K [0x0000000600000000, 0x0000000800000000)
  region size 4096K, 3 young (12288K), 3 survivors (12288K)
 Metaspace       used 115340K, committed 116608K, reserved 1179648K
  class space    used 16167K, committed 16768K, reserved 1048576K
}
Event: 26.337 GC heap before
{Heap before GC invocations=58 (full 0):
 garbage-first heap   total 348160K, used 285321K [0x0000000600000000, 0x0000000800000000)
  region size 4096K, 24 young (98304K), 3 survivors (12288K)
 Metaspace       used 115581K, committed 116800K, reserved 1179648K
  class space    used 16175K, committed 16768K, reserved 1048576K
}
Event: 26.352 GC heap after
{Heap after GC invocations=59 (full 0):
 garbage-first heap   total 348160K, used 204589K [0x0000000600000000, 0x0000000800000000)
  region size 4096K, 3 young (12288K), 3 survivors (12288K)
 Metaspace       used 115581K, committed 116800K, reserved 1179648K
  class space    used 16175K, committed 16768K, reserved 1048576K
}
Event: 27.161 GC heap before
{Heap before GC invocations=60 (full 0):
 garbage-first heap   total 364544K, used 286509K [0x0000000600000000, 0x0000000800000000)
  region size 4096K, 23 young (94208K), 3 survivors (12288K)
 Metaspace       used 115920K, committed 117248K, reserved 1179648K
  class space    used 16206K, committed 16832K, reserved 1048576K
}
Event: 27.171 GC heap after
{Heap after GC invocations=61 (full 0):
 garbage-first heap   total 364544K, used 211126K [0x0000000600000000, 0x0000000800000000)
  region size 4096K, 3 young (12288K), 3 survivors (12288K)
 Metaspace       used 115920K, committed 117248K, reserved 1179648K
  class space    used 16206K, committed 16832K, reserved 1048576K
}
Event: 27.185 GC heap before
{Heap before GC invocations=61 (full 0):
 garbage-first heap   total 364544K, used 215222K [0x0000000600000000, 0x0000000800000000)
  region size 4096K, 4 young (16384K), 3 survivors (12288K)
 Metaspace       used 115920K, committed 117248K, reserved 1179648K
  class space    used 16206K, committed 16832K, reserved 1048576K
}
Event: 27.193 GC heap after
{Heap after GC invocations=62 (full 0):
 garbage-first heap   total 364544K, used 210860K [0x0000000600000000, 0x0000000800000000)
  region size 4096K, 1 young (4096K), 1 survivors (4096K)
 Metaspace       used 115920K, committed 117248K, reserved 1179648K
  class space    used 16206K, committed 16832K, reserved 1048576K
}
Event: 27.542 GC heap before
{Heap before GC invocations=62 (full 0):
 garbage-first heap   total 364544K, used 296876K [0x0000000600000000, 0x0000000800000000)
  region size 4096K, 23 young (94208K), 1 survivors (4096K)
 Metaspace       used 115921K, committed 117248K, reserved 1179648K
  class space    used 16206K, committed 16832K, reserved 1048576K
}
Event: 27.545 GC heap after
{Heap after GC invocations=63 (full 0):
 garbage-first heap   total 364544K, used 212517K [0x0000000600000000, 0x0000000800000000)
  region size 4096K, 2 young (8192K), 2 survivors (8192K)
 Metaspace       used 115921K, committed 117248K, reserved 1179648K
  class space    used 16206K, committed 16832K, reserved 1048576K
}
Event: 28.501 GC heap before
{Heap before GC invocations=64 (full 0):
 garbage-first heap   total 409600K, used 298533K [0x0000000600000000, 0x0000000800000000)
  region size 4096K, 23 young (94208K), 2 survivors (8192K)
 Metaspace       used 116183K, committed 117568K, reserved 1179648K
  class space    used 16238K, committed 16896K, reserved 1048576K
}
Event: 28.512 GC heap after
{Heap after GC invocations=65 (full 0):
 garbage-first heap   total 409600K, used 221182K [0x0000000600000000, 0x0000000800000000)
  region size 4096K, 3 young (12288K), 3 survivors (12288K)
 Metaspace       used 116183K, committed 117568K, reserved 1179648K
  class space    used 16238K, committed 16896K, reserved 1048576K
}
Event: 28.704 GC heap before
{Heap before GC invocations=65 (full 0):
 garbage-first heap   total 409600K, used 225278K [0x0000000600000000, 0x0000000800000000)
  region size 4096K, 5 young (20480K), 3 survivors (12288K)
 Metaspace       used 116260K, committed 117632K, reserved 1179648K
  class space    used 16244K, committed 16896K, reserved 1048576K
}
Event: 28.719 GC heap after
{Heap after GC invocations=66 (full 0):
 garbage-first heap   total 409600K, used 205806K [0x0000000600000000, 0x0000000800000000)
  region size 4096K, 1 young (4096K), 1 survivors (4096K)
 Metaspace       used 116260K, committed 117632K, reserved 1179648K
  class space    used 16244K, committed 16896K, reserved 1048576K
}
Event: 29.333 GC heap before
{Heap before GC invocations=66 (full 0):
 garbage-first heap   total 409600K, used 328686K [0x0000000600000000, 0x0000000800000000)
  region size 4096K, 32 young (131072K), 1 survivors (4096K)
 Metaspace       used 116262K, committed 117632K, reserved 1179648K
  class space    used 16244K, committed 16896K, reserved 1048576K
}
Event: 29.338 GC heap after
{Heap after GC invocations=67 (full 0):
 garbage-first heap   total 819200K, used 209495K [0x0000000600000000, 0x0000000800000000)
  region size 4096K, 2 young (8192K), 2 survivors (8192K)
 Metaspace       used 116262K, committed 117632K, reserved 1179648K
  class space    used 16244K, committed 16896K, reserved 1048576K
}
Event: 33.151 GC heap before
{Heap before GC invocations=67 (full 0):
 garbage-first heap   total 819200K, used 574039K [0x0000000600000000, 0x0000000800000000)
  region size 4096K, 91 young (372736K), 2 survivors (8192K)
 Metaspace       used 117402K, committed 118848K, reserved 1179648K
  class space    used 16356K, committed 17024K, reserved 1048576K
}
Event: 33.170 GC heap after
{Heap after GC invocations=68 (full 0):
 garbage-first heap   total 819200K, used 243183K [0x0000000600000000, 0x0000000800000000)
  region size 4096K, 9 young (36864K), 9 survivors (36864K)
 Metaspace       used 117402K, committed 118848K, reserved 1179648K
  class space    used 16356K, committed 17024K, reserved 1048576K
}
Event: 36.722 GC heap before
{Heap before GC invocations=68 (full 0):
 garbage-first heap   total 819200K, used 611823K [0x0000000600000000, 0x0000000800000000)
  region size 4096K, 99 young (405504K), 9 survivors (36864K)
 Metaspace       used 118103K, committed 119680K, reserved 1179648K
  class space    used 16421K, committed 17152K, reserved 1048576K
}
Event: 36.737 GC heap after
{Heap after GC invocations=69 (full 0):
 garbage-first heap   total 819200K, used 262080K [0x0000000600000000, 0x0000000800000000)
  region size 4096K, 6 young (24576K), 6 survivors (24576K)
 Metaspace       used 118103K, committed 119680K, reserved 1179648K
  class space    used 16421K, committed 17152K, reserved 1048576K
}

